Log file open, 03/27/17 15:07:23
LogInit:Display: Running engine for game: Sos
LogPlatformFile: Not using cached read wrapper
LogInit:Display: RandInit(-21885711) SRandInit(-21885711).
LogTaskGraph: Started task graph with 5 named threads and 8 total threads with 1 sets of task threads.
LogStats: Stats thread started at 0.061512
LogPluginManager: Loaded Plugin Paper2D, From C:/Program Files (x86)/Epic Games/4.13/Engine/Plugins/2D/Paper2D/Paper2D.uplugin
LogPluginManager: Loaded Plugin LightPropagationVolume, From C:/Program Files (x86)/Epic Games/4.13/Engine/Plugins/Blendables/LightPropagationVolume/LightPropagationVolume.uplugin
LogPluginManager: Loaded Plugin BlankPlugin, From C:/Program Files (x86)/Epic Games/4.13/Engine/Plugins/Developer/BlankPlugin/BlankPlugin.uplugin
LogPluginManager: Loaded Plugin CodeLiteSourceCodeAccess, From C:/Program Files (x86)/Epic Games/4.13/Engine/Plugins/Developer/CodeLiteSourceCodeAccess/CodeLiteSourceCodeAccess.uplugin
LogPluginManager: Loaded Plugin GitSourceControl, From C:/Program Files (x86)/Epic Games/4.13/Engine/Plugins/Developer/GitSourceControl/GitSourceControl.uplugin
LogPluginManager: Loaded Plugin KDevelopSourceCodeAccess, From C:/Program Files (x86)/Epic Games/4.13/Engine/Plugins/Developer/KDevelopSourceCodeAccess/KDevelopSourceCodeAccess.uplugin
LogPluginManager: Loaded Plugin NullSourceCodeAccess, From C:/Program Files (x86)/Epic Games/4.13/Engine/Plugins/Developer/NullSourceCodeAccess/NullSourceCodeAccess.uplugin
LogPluginManager: Loaded Plugin OneSkyLocalizationService, From C:/Program Files (x86)/Epic Games/4.13/Engine/Plugins/Developer/OneSkyLocalizationService/OneSkyLocalizationService.uplugin
LogPluginManager: Loaded Plugin PerforceSourceControl, From C:/Program Files (x86)/Epic Games/4.13/Engine/Plugins/Developer/PerforceSourceControl/PerforceSourceControl.uplugin
LogPluginManager: Loaded Plugin SubversionSourceControl, From C:/Program Files (x86)/Epic Games/4.13/Engine/Plugins/Developer/SubversionSourceControl/SubversionSourceControl.uplugin
LogPluginManager: Loaded Plugin UObjectPlugin, From C:/Program Files (x86)/Epic Games/4.13/Engine/Plugins/Developer/UObjectPlugin/UObjectPlugin.uplugin
LogPluginManager: Loaded Plugin VisualStudioSourceCodeAccess, From C:/Program Files (x86)/Epic Games/4.13/Engine/Plugins/Developer/VisualStudioSourceCodeAccess/VisualStudioSourceCodeAccess.uplugin
LogPluginManager: Loaded Plugin XCodeSourceCodeAccess, From C:/Program Files (x86)/Epic Games/4.13/Engine/Plugins/Developer/XCodeSourceCodeAccess/XCodeSourceCodeAccess.uplugin
LogPluginManager: Loaded Plugin EpicSurvey, From C:/Program Files (x86)/Epic Games/4.13/Engine/Plugins/Editor/EpicSurvey/EpicSurvey.uplugin
LogPluginManager: Loaded Plugin MacGraphicsSwitching, From C:/Program Files (x86)/Epic Games/4.13/Engine/Plugins/Editor/MacGraphicsSwitching/MacGraphicsSwitching.uplugin
LogPluginManager: Loaded Plugin MobileLauncherProfileWizard, From C:/Program Files (x86)/Epic Games/4.13/Engine/Plugins/Editor/MobileLauncherProfileWizard/MobileLauncherProfileWizard.uplugin
LogPluginManager: Loaded Plugin PluginBrowser, From C:/Program Files (x86)/Epic Games/4.13/Engine/Plugins/Editor/PluginBrowser/PluginBrowser.uplugin
LogPluginManager: Loaded Plugin SpeedTreeImporter, From C:/Program Files (x86)/Epic Games/4.13/Engine/Plugins/Editor/SpeedTreeImporter/SpeedTreeImporter.uplugin
LogPluginManager: Loaded Plugin SuperSearchEditor, From C:/Program Files (x86)/Epic Games/4.13/Engine/Plugins/Editor/SuperSearchEditor/SuperSearchEditor.uplugin
LogPluginManager: Loaded Plugin AlembicImporter, From C:/Program Files (x86)/Epic Games/4.13/Engine/Plugins/Experimental/AlembicImporter/AlembicImporter.uplugin
LogPluginManager: Loaded Plugin BlueprintStats, From C:/Program Files (x86)/Epic Games/4.13/Engine/Plugins/Experimental/BlueprintStats/BlueprintStats.uplugin
LogPluginManager: Loaded Plugin CharacterAI, From C:/Program Files (x86)/Epic Games/4.13/Engine/Plugins/Experimental/CharacterAI/CharacterAI.uplugin
LogPluginManager: Loaded Plugin CodeEditor, From C:/Program Files (x86)/Epic Games/4.13/Engine/Plugins/Experimental/CodeEditor/CodeEditor.uplugin
LogPluginManager: Loaded Plugin CodeView, From C:/Program Files (x86)/Epic Games/4.13/Engine/Plugins/Experimental/CodeView/CodeView.uplugin
LogPluginManager: Loaded Plugin HTML5Networking, From C:/Program Files (x86)/Epic Games/4.13/Engine/Plugins/Experimental/HTML5Networking/HTML5Networking.uplugin
LogPluginManager: Loaded Plugin LiveEditor, From C:/Program Files (x86)/Epic Games/4.13/Engine/Plugins/Experimental/LiveEditor/LiveEditor.uplugin
LogPluginManager: Loaded Plugin OSVR, From C:/Program Files (x86)/Epic Games/4.13/Engine/Plugins/Experimental/OSVR/OSVR.uplugin
LogPluginManager: Loaded Plugin Phya, From C:/Program Files (x86)/Epic Games/4.13/Engine/Plugins/Experimental/Phya/Phya.uplugin
LogPluginManager: Loaded Plugin SignificanceManager, From C:/Program Files (x86)/Epic Games/4.13/Engine/Plugins/Experimental/SignificanceManager/SignificanceManager.uplugin
LogPluginManager: Loaded Plugin SimpleHMD, From C:/Program Files (x86)/Epic Games/4.13/Engine/Plugins/Experimental/SimpleHMD/SimpleHMD.uplugin
LogPluginManager: Loaded Plugin StereoPanorama, From C:/Program Files (x86)/Epic Games/4.13/Engine/Plugins/Experimental/StereoPanorama/StereoPanorama.uplugin
LogPluginManager: Loaded Plugin StructBox, From C:/Program Files (x86)/Epic Games/4.13/Engine/Plugins/Experimental/StructBox/StructBox.uplugin
LogPluginManager: Loaded Plugin Substance, From C:/Program Files (x86)/Epic Games/4.13/Engine/Plugins/Marketplace/Substance/Substance.uplugin
LogPluginManager: Loaded Plugin AndroidMedia, From C:/Program Files (x86)/Epic Games/4.13/Engine/Plugins/Media/AndroidMedia/AndroidMedia.uplugin
LogPluginManager: Loaded Plugin AvfMedia, From C:/Program Files (x86)/Epic Games/4.13/Engine/Plugins/Media/AvfMedia/AvfMedia.uplugin
LogPluginManager: Loaded Plugin MediaPlayerEditor, From C:/Program Files (x86)/Epic Games/4.13/Engine/Plugins/Media/MediaPlayerEditor/MediaPlayerEditor.uplugin
LogPluginManager: Loaded Plugin WmfMedia, From C:/Program Files (x86)/Epic Games/4.13/Engine/Plugins/Media/WmfMedia/WmfMedia.uplugin
LogPluginManager: Loaded Plugin MessagingDebugger, From C:/Program Files (x86)/Epic Games/4.13/Engine/Plugins/Messaging/MessagingDebugger/MessagingDebugger.uplugin
LogPluginManager: Loaded Plugin TcpMessaging, From C:/Program Files (x86)/Epic Games/4.13/Engine/Plugins/Messaging/TcpMessaging/TcpMessaging.uplugin
LogPluginManager: Loaded Plugin UdpMessaging, From C:/Program Files (x86)/Epic Games/4.13/Engine/Plugins/Messaging/UdpMessaging/UdpMessaging.uplugin
LogPluginManager: Loaded Plugin LevelSequenceEditor, From C:/Program Files (x86)/Epic Games/4.13/Engine/Plugins/MovieScene/LevelSequenceEditor/LevelSequenceEditor.uplugin
LogPluginManager: Loaded Plugin MatineeToLevelSequence, From C:/Program Files (x86)/Epic Games/4.13/Engine/Plugins/MovieScene/MatineeToLevelSequence/MatineeToLevelSequence.uplugin
LogPluginManager: Loaded Plugin NetcodeUnitTest, From C:/Program Files (x86)/Epic Games/4.13/Engine/Plugins/NetcodeUnitTest/NetcodeUnitTest/NetcodeUnitTest.uplugin
LogPluginManager: Loaded Plugin NUTUnrealEngine4, From C:/Program Files (x86)/Epic Games/4.13/Engine/Plugins/NetcodeUnitTest/NUTUnrealEngine4/NUTUnrealEngine4.uplugin
LogPluginManager: Loaded Plugin OnlineSubsystemGooglePlay, From C:/Program Files (x86)/Epic Games/4.13/Engine/Plugins/Online/Android/OnlineSubsystemGooglePlay/OnlineSubsystemGooglePlay.uplugin
LogPluginManager: Loaded Plugin OnlineSubsystemIOS, From C:/Program Files (x86)/Epic Games/4.13/Engine/Plugins/Online/IOS/OnlineSubsystemIOS/OnlineSubsystemIOS.uplugin
LogPluginManager: Loaded Plugin OnlineFramework, From C:/Program Files (x86)/Epic Games/4.13/Engine/Plugins/Online/OnlineFramework/OnlineFramework.uplugin
LogPluginManager: Loaded Plugin OnlineSubsystem, From C:/Program Files (x86)/Epic Games/4.13/Engine/Plugins/Online/OnlineSubsystem/OnlineSubsystem.uplugin
LogPluginManager: Loaded Plugin OnlineSubsystemAmazon, From C:/Program Files (x86)/Epic Games/4.13/Engine/Plugins/Online/OnlineSubsystemAmazon/OnlineSubsystemAmazon.uplugin
LogPluginManager: Loaded Plugin OnlineSubsystemFacebook, From C:/Program Files (x86)/Epic Games/4.13/Engine/Plugins/Online/OnlineSubsystemFacebook/OnlineSubsystemFacebook.uplugin
LogPluginManager: Loaded Plugin OnlineSubsystemNull, From C:/Program Files (x86)/Epic Games/4.13/Engine/Plugins/Online/OnlineSubsystemNull/OnlineSubsystemNull.uplugin
LogPluginManager: Loaded Plugin OnlineSubsystemOculus, From C:/Program Files (x86)/Epic Games/4.13/Engine/Plugins/Online/OnlineSubsystemOculus/OnlineSubsystemOculus.uplugin
LogPluginManager: Loaded Plugin OnlineSubsystemSteam, From C:/Program Files (x86)/Epic Games/4.13/Engine/Plugins/Online/OnlineSubsystemSteam/OnlineSubsystemSteam.uplugin
LogPluginManager: Loaded Plugin OnlineSubsystemUtils, From C:/Program Files (x86)/Epic Games/4.13/Engine/Plugins/Online/OnlineSubsystemUtils/OnlineSubsystemUtils.uplugin
LogPluginManager: Loaded Plugin IOSTapJoy, From C:/Program Files (x86)/Epic Games/4.13/Engine/Plugins/Runtime/Advertising/IOSTapJoy/IOSTapJoy.uplugin
LogPluginManager: Loaded Plugin AnalyticsBlueprintLibrary, From C:/Program Files (x86)/Epic Games/4.13/Engine/Plugins/Runtime/Analytics/AnalyticsBlueprintLibrary/AnalyticsBlueprintLibrary.uplugin
LogPluginManager: Loaded Plugin AnalyticsMulticast, From C:/Program Files (x86)/Epic Games/4.13/Engine/Plugins/Runtime/Analytics/AnalyticsMulticast/AnalyticsMulticast.uplugin
LogPluginManager: Loaded Plugin Apsalar, From C:/Program Files (x86)/Epic Games/4.13/Engine/Plugins/Runtime/Analytics/Apsalar/Apsalar.uplugin
LogPluginManager: Loaded Plugin FileLogging, From C:/Program Files (x86)/Epic Games/4.13/Engine/Plugins/Runtime/Analytics/FileLogging/FileLogging.uplugin
LogPluginManager: Loaded Plugin Flurry, From C:/Program Files (x86)/Epic Games/4.13/Engine/Plugins/Runtime/Analytics/Flurry/Flurry.uplugin
LogPluginManager: Loaded Plugin AndroidDeviceProfileSelector, From C:/Program Files (x86)/Epic Games/4.13/Engine/Plugins/Runtime/AndroidDeviceProfileSelector/AndroidDeviceProfileSelector.uplugin
LogPluginManager: Loaded Plugin AndroidMoviePlayer, From C:/Program Files (x86)/Epic Games/4.13/Engine/Plugins/Runtime/AndroidMoviePlayer/AndroidMoviePlayer.uplugin
LogPluginManager: Loaded Plugin AppleMoviePlayer, From C:/Program Files (x86)/Epic Games/4.13/Engine/Plugins/Runtime/AppleMoviePlayer/AppleMoviePlayer.uplugin
LogPluginManager: Loaded Plugin ArchVisCharacter, From C:/Program Files (x86)/Epic Games/4.13/Engine/Plugins/Runtime/ArchVisCharacter/ArchVisCharacter.uplugin
LogPluginManager: Loaded Plugin CableComponent, From C:/Program Files (x86)/Epic Games/4.13/Engine/Plugins/Runtime/CableComponent/CableComponent.uplugin
LogPluginManager: Loaded Plugin CustomMeshComponent, From C:/Program Files (x86)/Epic Games/4.13/Engine/Plugins/Runtime/CustomMeshComponent/CustomMeshComponent.uplugin
LogPluginManager: Loaded Plugin ExampleDeviceProfileSelector, From C:/Program Files (x86)/Epic Games/4.13/Engine/Plugins/Runtime/ExampleDeviceProfileSelector/ExampleDeviceProfileSelector.uplugin
LogPluginManager: Loaded Plugin GearVR, From C:/Program Files (x86)/Epic Games/4.13/Engine/Plugins/Runtime/GearVR/GearVR.uplugin
LogPluginManager: Loaded Plugin GoogleVRController, From C:/Program Files (x86)/Epic Games/4.13/Engine/Plugins/Runtime/GoogleVR/GoogleVRController/GoogleVRController.uplugin
LogPluginManager: Loaded Plugin GoogleVRHMD, From C:/Program Files (x86)/Epic Games/4.13/Engine/Plugins/Runtime/GoogleVR/GoogleVRHMD/GoogleVRHMD.uplugin
LogPluginManager: Loaded Plugin IOSDeviceProfileSelector, From C:/Program Files (x86)/Epic Games/4.13/Engine/Plugins/Runtime/IOSDeviceProfileSelector/IOSDeviceProfileSelector.uplugin
LogPluginManager: Loaded Plugin LeapMotion, From C:/Program Files (x86)/Epic Games/4.13/Engine/Plugins/Runtime/LeapMotion/LeapMotion.uplugin
LogPluginManager: Loaded Plugin LinuxDeviceProfileSelector, From C:/Program Files (x86)/Epic Games/4.13/Engine/Plugins/Runtime/LinuxDeviceProfileSelector/LinuxDeviceProfileSelector.uplugin
LogPluginManager: Loaded Plugin LiveEditorListenServer, From C:/Program Files (x86)/Epic Games/4.13/Engine/Plugins/Runtime/LiveEditorListenServer/LiveEditorListenServer.uplugin
LogPluginManager: Loaded Plugin OculusAudio, From C:/Program Files (x86)/Epic Games/4.13/Engine/Plugins/Runtime/OculusAudio/OculusAudio.uplugin
LogPluginManager: Loaded Plugin OculusInput, From C:/Program Files (x86)/Epic Games/4.13/Engine/Plugins/Runtime/OculusInput/OculusInput.uplugin
LogPluginManager: Loaded Plugin OculusLibrary, From C:/Program Files (x86)/Epic Games/4.13/Engine/Plugins/Runtime/OculusLibrary/OculusLibrary.uplugin
LogPluginManager: Loaded Plugin OculusRift, From C:/Program Files (x86)/Epic Games/4.13/Engine/Plugins/Runtime/OculusRift/OculusRift.uplugin
LogPluginManager: Loaded Plugin Oodle, From C:/Program Files (x86)/Epic Games/4.13/Engine/Plugins/Runtime/PacketHandlers/CompressionComponents/Oodle/Oodle.uplugin
LogPluginManager: Loaded Plugin ProceduralMeshComponent, From C:/Program Files (x86)/Epic Games/4.13/Engine/Plugins/Runtime/ProceduralMeshComponent/ProceduralMeshComponent.uplugin
LogPluginManager: Loaded Plugin SoundMod, From C:/Program Files (x86)/Epic Games/4.13/Engine/Plugins/Runtime/SoundMod/SoundMod.uplugin
LogPluginManager: Loaded Plugin SoundVisualizations, From C:/Program Files (x86)/Epic Games/4.13/Engine/Plugins/Runtime/SoundVisualizations/SoundVisualizations.uplugin
LogPluginManager: Loaded Plugin SteamController, From C:/Program Files (x86)/Epic Games/4.13/Engine/Plugins/Runtime/Steam/SteamController/SteamController.uplugin
LogPluginManager: Loaded Plugin SteamVR, From C:/Program Files (x86)/Epic Games/4.13/Engine/Plugins/Runtime/Steam/SteamVR/SteamVR.uplugin
LogPluginManager: Loaded Plugin WebBrowserWidget, From C:/Program Files (x86)/Epic Games/4.13/Engine/Plugins/Runtime/WebBrowserWidget/WebBrowserWidget.uplugin
LogPluginManager: Loaded Plugin WindowsDeviceProfileSelector, From C:/Program Files (x86)/Epic Games/4.13/Engine/Plugins/Runtime/WindowsDeviceProfileSelector/WindowsDeviceProfileSelector.uplugin
LogPluginManager: Loaded Plugin WindowsMoviePlayer, From C:/Program Files (x86)/Epic Games/4.13/Engine/Plugins/Runtime/WindowsMoviePlayer/WindowsMoviePlayer.uplugin
LogPluginManager: Loaded Plugin ScriptPlugin, From C:/Program Files (x86)/Epic Games/4.13/Engine/Plugins/ScriptPlugin/ScriptPlugin.uplugin
LogPluginManager: Loaded Plugin SlateRemote, From C:/Program Files (x86)/Epic Games/4.13/Engine/Plugins/Slate/SlateRemote/SlateRemote.uplugin
LogInit: Using libcurl 7.47.1
LogInit:  - built for x86_64-pc-win32
LogInit:  - supports SSL with WinSSL
LogInit:  - other features:
LogInit:      CURL_VERSION_SSL
LogInit:      CURL_VERSION_IPV6
LogInit:      CURL_VERSION_ASYNCHDNS
LogInit:      CURL_VERSION_LARGEFILE
LogInit:      CURL_VERSION_IDN
LogInit:  CurlRequestOptions (configurable via config and command line):
LogInit:  - bVerifyPeer = false  - Libcurl will NOT verify peer certificate
LogInit:  - bUseHttpProxy = false  - Libcurl will NOT use HTTP proxy
LogInit:  - bDontReuseConnections = false  - Libcurl will reuse connections
LogInit:  - CertBundlePath = nullptr  - Libcurl will use whatever was configured at build time.
LogInit: Build: ++UE4+Release-4.13-CL-3172292
LogInit: Engine Version: 4.13.2-3172292+++UE4+Release-4.13
LogInit: Compatible Engine Version: 4.13.0-3106830+++UE4+Release-4.13
LogInit: Net CL: 3172292
LogDevObjectVersion: Number of dev versions registered: 13
LogDevObjectVersion:   Dev-Blueprints (B0D832E4-1F89-4F0D-ACCF-7EB736FD4AA2): 5
LogDevObjectVersion:   Dev-Build (E1C64328-A22C-4D53-A36C-8E866417BD8C): 0
LogDevObjectVersion:   Dev-Core (375EC13C-06E4-48FB-B500-84F0262A717E): 1
LogDevObjectVersion:   Dev-Editor (E4B068ED-F494-42E9-A231-DA0B2E46BB41): 6
LogDevObjectVersion:   Dev-Framework (CFFC743F-43B0-4480-9391-14DF171D2073): 12
LogDevObjectVersion:   Dev-Mobile (B02B49B5-BB20-44E9-A304-32B752E40360): 0
LogDevObjectVersion:   Dev-Networking (A4E4105C-59A1-49B5-A7C5-40C4547EDFEE): 0
LogDevObjectVersion:   Dev-Online (39C831C9-5AE6-47DC-9A44-9C173E1C8E7C): 0
LogDevObjectVersion:   Dev-Physics (78F01B33-EBEA-4F98-B9B4-84EACCB95AA2): 0
LogDevObjectVersion:   Dev-Platform (6631380F-2D4D-43E0-8009-CF276956A95A): 0
LogDevObjectVersion:   Dev-Rendering (12F88B9F-8875-4AFC-A67C-D90C383ABD29): 4
LogDevObjectVersion:   Dev-Sequencer (7B5AE74C-D270-4C10-A958-57980B212A5A): 0
LogDevObjectVersion:   Dev-VR (D7296918-1DD6-4BDD-9DE2-64A83CC13884): 0
LogInit: Compiled (64-bit): Oct 24 2016 14:29:06
LogInit: Compiled with Visual C++: 19.00.23026.00
LogInit: Build Configuration: Development
LogInit: Branch Name: ++UE4+Release-4.13
LogInit: Command line: -EpicPortal 
LogInit: Base directory: C:/Program Files (x86)/Epic Games/4.13/Engine/Binaries/Win64/
LogInit: Installed Engine Build: 1
LogInit: Presizing for max 8388607 objects, including 0 objects not considered by GC, pre-allocating 0 bytes for permanent pool.
LogInit: Object subsystem initialized
[2017.03.27-15.07.23:837][  0]LogInit: Selected Device Profile: [Windows]
[2017.03.27-15.07.23:837][  0]LogInit: Applying CVar settings loaded from the selected device profile: [Windows]
[2017.03.27-15.07.23:852][  0]LogInit: Computer: TRJ208-28
[2017.03.27-15.07.23:852][  0]LogInit: User: 14064340
[2017.03.27-15.07.23:852][  0]LogInit: CPU Page size=65536, Cores=4
[2017.03.27-15.07.23:852][  0]LogInit: High frequency timer resolution =3.507695 MHz
[2017.03.27-15.07.23:852][  0]LogMemory: Memory total: Physical=31.8GB (32GB approx)
[2017.03.27-15.07.23:852][  0]LogMemory: Platform Memory Stats for Windows
[2017.03.27-15.07.23:852][  0]LogMemory: Process Physical Memory: 256.94 MB used, 256.94 MB peak
[2017.03.27-15.07.23:852][  0]LogMemory: Process Virtual Memory: 261.68 MB used, 261.68 MB peak
[2017.03.27-15.07.23:852][  0]LogMemory: Physical Memory: 5845.90 MB used, 32608.83 MB total
[2017.03.27-15.07.23:852][  0]LogMemory: Virtual Memory: 593.25 MB used, 8388608.00 MB total
[2017.03.27-15.07.23:876][  0]LogTextLocalizationManager: No specific translations for ('en-GB') exist, so ('en') translations will be used.
[2017.03.27-15.07.24:335][  0]LogD3D11RHI: D3D11 adapters:
[2017.03.27-15.07.24:354][  0]LogD3D11RHI:    0. 'NVIDIA GeForce GTX 970' (Feature Level 11_0)
[2017.03.27-15.07.24:354][  0]LogD3D11RHI:       4007/0/16048 MB DedicatedVideo/DedicatedSystem/SharedSystem, Outputs:1, VendorId:0x10de
[2017.03.27-15.07.24:362][  0]LogD3D11RHI:    1. 'Intel(R) HD Graphics 4600' (Feature Level 11_0)
[2017.03.27-15.07.24:362][  0]LogD3D11RHI:       192/0/1632 MB DedicatedVideo/DedicatedSystem/SharedSystem, Outputs:0, VendorId:0x8086
[2017.03.27-15.07.24:362][  0]LogD3D11RHI: Chosen D3D11 Adapter: 0
[2017.03.27-15.07.24:366][  0]LogD3D11RHI: Creating new Direct3DDevice
[2017.03.27-15.07.24:366][  0]LogD3D11RHI:     GPU DeviceId: 0x13c2 (for the marketing name, search the web for "GPU Device Id")
[2017.03.27-15.07.24:366][  0]LogWindows: EnumDisplayDevices:
[2017.03.27-15.07.24:366][  0]LogWindows:    0. 'NVIDIA GeForce GTX 970' (P:1 D:1)
[2017.03.27-15.07.24:366][  0]LogWindows:    1. 'NVIDIA GeForce GTX 970' (P:0 D:0)
[2017.03.27-15.07.24:366][  0]LogWindows:    2. 'NVIDIA GeForce GTX 970' (P:0 D:0)
[2017.03.27-15.07.24:366][  0]LogWindows:    3. 'NVIDIA GeForce GTX 970' (P:0 D:0)
[2017.03.27-15.07.24:366][  0]LogWindows:    4. 'Intel(R) HD Graphics 4600' (P:0 D:0)
[2017.03.27-15.07.24:367][  0]LogWindows:    5. 'Intel(R) HD Graphics 4600' (P:0 D:0)
[2017.03.27-15.07.24:367][  0]LogWindows:    6. 'Intel(R) HD Graphics 4600' (P:0 D:0)
[2017.03.27-15.07.24:367][  0]LogWindows:    7. 'RDPDD Chained DD' (P:0 D:0)
[2017.03.27-15.07.24:367][  0]LogWindows:    8. 'RDP Encoder Mirror Driver' (P:0 D:0)
[2017.03.27-15.07.24:367][  0]LogWindows:    9. 'RDP Reflector Display Driver' (P:0 D:0)
[2017.03.27-15.07.24:367][  0]LogWindows: DebugString: PrimaryIsNotTheChoosenAdapter PrimaryIsNotTheChoosenAdapter PrimaryIsNotTheChoosenAdapter GetVideoDriverDetailsInvalid PrimaryIsNotTheChoosenAdapter GetVideoDriverDetailsInvalid PrimaryIsNotTheChoosenAdapter GetVideoDriverDetailsInvalid PrimaryIsNotTheChoosenAdapter FoundDriverCount:4 
[2017.03.27-15.07.24:367][  0]LogD3D11RHI:     Adapter Name: NVIDIA GeForce GTX 970
[2017.03.27-15.07.24:367][  0]LogD3D11RHI:   Driver Version: 368.39 (internal:10.18.13.6839, unified:368.39)
[2017.03.27-15.07.24:367][  0]LogD3D11RHI:      Driver Date: 6-2-2016
[2017.03.27-15.07.24:367][  0]LogRHI: Texture pool is 1361 MB (70% of 1945 MB)
[2017.03.27-15.07.24:373][  0]LogD3D11RHI: Async texture creation enabled
[2017.03.27-15.07.24:387][  0]LogD3D11RHI: GPU Timing Frequency: 1000.000000 (Debug: 2 2)
[2017.03.27-15.07.24:387][  0]LogShaderCompilers: Guid format shader working directory is 31 characters bigger than the processId version (F:/SOSDev/SoS-Game/Intermediate/Shaders/WorkingDirectory/4376/).
[2017.03.27-15.07.24:387][  0]LogShaderCompilers: Cleaned the shader compiler working directory 'C:/Users/14064340/AppData/Local/Temp/UnrealShaderWorkingDir/8D21CEEE471F3A4D096DC6BEAD2688AD/'.
[2017.03.27-15.07.24:387][  0]LogShaderCompilers:Display: Using Local Shader Compiler.
[2017.03.27-15.07.25:150][  0]LogTemp:Display: Loaded TP AllDesktopTargetPlatform
[2017.03.27-15.07.25:158][  0]LogTemp:Display: Loaded TP WindowsClientTargetPlatform
[2017.03.27-15.07.25:166][  0]LogTemp:Display: Loaded TP WindowsNoEditorTargetPlatform
[2017.03.27-15.07.25:174][  0]LogTemp:Display: Loaded TP WindowsServerTargetPlatform
[2017.03.27-15.07.25:180][  0]LogTemp:Display: Loaded TP WindowsTargetPlatform
[2017.03.27-15.07.25:187][  0]LogTemp:Display: Loaded TP AndroidTargetPlatform
[2017.03.27-15.07.25:194][  0]LogTemp:Display: Loaded TP Android_ASTCTargetPlatform
[2017.03.27-15.07.25:201][  0]LogTemp:Display: Loaded TP Android_ATCTargetPlatform
[2017.03.27-15.07.25:207][  0]LogTemp:Display: Loaded TP Android_DXTTargetPlatform
[2017.03.27-15.07.25:214][  0]LogTemp:Display: Loaded TP Android_ETC1TargetPlatform
[2017.03.27-15.07.25:220][  0]LogTemp:Display: Loaded TP Android_ETC2TargetPlatform
[2017.03.27-15.07.25:233][  0]LogTemp:Display: Loaded TP Android_MultiTargetPlatform
[2017.03.27-15.07.25:233][  0]LogTemp:Display: Loaded TP Android_PVRTCTargetPlatform
[2017.03.27-15.07.25:233][  0]LogTemp:Display: Loaded TP HTML5TargetPlatform
[2017.03.27-15.07.25:252][  0]LogTemp:Display: Loaded TP IOSTargetPlatform
[2017.03.27-15.07.25:258][  0]LogTemp:Display: Loaded TP TVOSTargetPlatform
[2017.03.27-15.07.25:265][  0]LogTemp:Display: Loaded TP LinuxClientTargetPlatform
[2017.03.27-15.07.25:271][  0]LogTemp:Display: Loaded TP LinuxNoEditorTargetPlatform
[2017.03.27-15.07.25:278][  0]LogTemp:Display: Loaded TP LinuxServerTargetPlatform
[2017.03.27-15.07.25:284][  0]LogTemp:Display: Loaded TP LinuxTargetPlatform
[2017.03.27-15.07.25:284][  0]LogTargetPlatformManager:Display: Building Assets For Windows
[2017.03.27-15.07.25:332][  0]LogDerivedDataCache:Display: Max Cache Size: 512 MB
[2017.03.27-15.07.25:395][  0]LogDerivedDataCache: Loaded boot cache 0.06s 76MB C:/Users/14064340/AppData/Local/UnrealEngine/4.13/DerivedDataCache/Boot.ddc.
[2017.03.27-15.07.25:395][  0]LogDerivedDataCache:Display: Loaded Boot cache: C:/Users/14064340/AppData/Local/UnrealEngine/4.13/DerivedDataCache/Boot.ddc
[2017.03.27-15.07.25:396][  0]LogDerivedDataCache: FDerivedDataBackendGraph:  Pak pak cache file F:/SOSDev/SoS-Game/DerivedDataCache/DDC.ddp not found, will not use a pak cache.
[2017.03.27-15.07.25:396][  0]LogDerivedDataCache: Unable to find inner node Pak for hierarchical cache Hierarchy.
[2017.03.27-15.07.25:396][  0]LogDerivedDataCache: FDerivedDataBackendGraph:  CompressedPak pak cache file F:/SOSDev/SoS-Game/DerivedDataCache/Compressed.ddp not found, will not use a pak cache.
[2017.03.27-15.07.25:396][  0]LogDerivedDataCache: Unable to find inner node CompressedPak for hierarchical cache Hierarchy.
[2017.03.27-15.07.25:413][  0]LogDerivedDataCache:Display: Pak cache opened for reading ../../../Engine/DerivedDataCache/Compressed.ddp.
[2017.03.27-15.07.25:423][  0]LogDerivedDataCache: Using Local data cache path C:/Users/14064340/AppData/Local/UnrealEngine/Common/DerivedDataCache: Writable
[2017.03.27-15.07.25:583][  0]LogInit: Selected Device Profile: [Windows]
[2017.03.27-15.07.25:585][  0]LogMaterial: Uniform references updated for custom material expression Custom.
[2017.03.27-15.07.25:586][  0]LogContentStreaming: Texture pool size is 0.00 MB
[2017.03.27-15.07.25:708][  0]LogMeshUtilities: No automatic mesh reduction module available
[2017.03.27-15.07.25:708][  0]LogMeshUtilities: No automatic mesh merging module available
[2017.03.27-15.07.25:708][  0]LogMeshUtilities: No distributed automatic mesh merging module available
[2017.03.27-15.07.25:928][  0]LogNetVersion: GetLocalNetworkVersion: CL: 3106830, ProjectName: sos, ProjectVersion: , EngineNetworkVersion: 1, GameNetworkVersion: 0, NetworkChecksum: 98093668
[2017.03.27-15.07.25:961][  0]LogAssetRegistry: FAssetRegistry took 0.0197 seconds to start up
[2017.03.27-15.07.26:139][  0]LogPackageLocalizationCache: Processed 3 localized package path(s) for 2 prioritized culture(s) in 0.174602 seconds
[2017.03.27-15.07.26:143][  0]LogUObjectArray: 29778 objects as part of root set at end of initial load.
[2017.03.27-15.07.26:143][  0]LogUObjectAllocator: 6125456 out of 0 bytes used by permanent object pool.
[2017.03.27-15.07.26:143][  0]LogUObjectArray: CloseDisregardForGC: 0/0 objects in disregard for GC pool
[2017.03.27-15.07.26:147][  0]LogInit: WinSock: version 1.1 (2.2), MaxSocks=32767, MaxUdp=65467
[2017.03.27-15.07.26:302][  0]LogSlate: SlateFontCache - WITH_FREETYPE: 1, WITH_HARFBUZZ: 1
[2017.03.27-15.07.26:302][  0]LogSlate: SlateFontCache - WITH_FREETYPE: 1, WITH_HARFBUZZ: 1
[2017.03.27-15.07.26:781][  0]LogSubstanceCoreModule: Substance CPU Engine Loaded, Max Texture Size 2048
[2017.03.27-15.07.26:786][  0]LogTcpMessaging: Initializing TcpMessaging bridge
[2017.03.27-15.07.26:800][  0]LogUdpMessaging: Initializing bridge on interface 0.0.0.0:0 to multicast group 230.0.0.1:6666.
[2017.03.27-15.07.26:801][  0]LogDirectoryWatcher: A directory notification failed for 'F:/SOSDev/SoS-Game/Content/' because it was empty or there was a buffer overflow. Attemping another request...
[2017.03.27-15.07.26:992][  0]SourceControl: Info Source control is disabled
[2017.03.27-15.07.27:116][  0]SourceControl: Info Source control is disabled
[2017.03.27-15.07.27:121][  0]SourceControl: Info Source control is disabled
[2017.03.27-15.07.27:125][  0]SourceControl: Info Source control is disabled
[2017.03.27-15.07.27:296][  0]LogEngine: Initializing Engine...
[2017.03.27-15.07.27:296][  0]LogHMD: Failed to initialize OpenVR with code 110
[2017.03.27-15.07.27:401][  0]LogAIModule: Creating AISystem for world Untitled
[2017.03.27-15.07.27:407][  0]LogInit: XAudio2 using 'Speakers (High Definition Audio Device)' : 2 channels at 44.1 kHz using 16 bits per sample (channel mask 0x3)
[2017.03.27-15.07.27:420][  0]LogInit: FAudioDevice initialized.
[2017.03.27-15.07.27:445][  0]LogDerivedDataCache: Saved boot cache 0.03s 62MB C:/Users/14064340/AppData/Local/UnrealEngine/4.13/DerivedDataCache/Boot.ddc.
[2017.03.27-15.07.27:450][  0]LogInit: Texture streaming: Enabled
[2017.03.27-15.07.27:464][  0]LogInit: Transaction tracking system initialized
[2017.03.27-15.07.27:476][  0]BlueprintLog: New page: Editor Load
[2017.03.27-15.07.27:527][  0]LocalizationService: Info Localization service is disabled
[2017.03.27-15.07.27:576][  0]LogConsoleResponse:Display: 
[2017.03.27-15.07.27:657][  0]LogCook:Display: Max memory allowance for cook 16384mb min free memory 0mb
[2017.03.27-15.07.27:657][  0]LogCook:Display: Mobile HDR setting 1
[2017.03.27-15.07.27:739][  0]LogFileCache: Scanning file cache for directory 'F:/SOSDev/SoS-Game/Content/' took 0.04s
[2017.03.27-15.07.27:739][  0]SourceControl: Info Source control is disabled
[2017.03.27-15.07.27:739][  0]Cmd: MAP LOAD FILE="F:/SOSDev/SoS-Game/Content/ThirdPersonBP/Maps/ThirdPersonExampleMap.umap" TEMPLATE=0 SHOWPROGRESS=1 FEATURELEVEL=3
[2017.03.27-15.07.27:900][  0]LightingResults: New page: Lighting Build
[2017.03.27-15.07.27:902][  0]MapCheck: New page: Map Check
[2017.03.27-15.07.27:902][  0]LightingResults: New page: Lighting Build
[2017.03.27-15.07.28:194][  0]LogBlueprint:Warning: [CharacterHiding] 'actorPos' variable not found. Base class was probably changed.
[2017.03.27-15.07.28:194][  0]LogBlueprint:Warning: [Compiler CharacterHiding] Warning Could not find a variable named "actorPos" in 'CharacterHiding_C'.
Make sure 'CharacterHiding_C' has been compiled for  K2Node_VariableGet_135
[2017.03.27-15.07.28:195][  0]LogBlueprint:Warning: [Compiler CharacterHiding] Warning [0005.06] Compile of CharacterHiding successful, but with 1 Warning(s) [in 0 ms] (/Game/ThirdPersonBP/Blueprints/CharacterHiding.CharacterHiding)
[2017.03.27-15.07.28:195][  0]LogBlueprint:Warning: [Compiler CharacterHiding] Warning [0005.06] Compile of CharacterHiding successful, but with 2 Warning(s) [in 0 ms] (/Game/ThirdPersonBP/Blueprints/CharacterHiding.CharacterHiding)
[2017.03.27-15.07.28:195][  0]LogBlueprint:Warning: [Compiler CharacterHiding] Warning [0005.06] Compile of CharacterHiding successful, but with 3 Warning(s) [in 0 ms] (/Game/ThirdPersonBP/Blueprints/CharacterHiding.CharacterHiding)
[2017.03.27-15.07.28:196][  0]LogBlueprint:Warning: [Compiler CharacterHiding] Warning Could not find a variable named "actorPos" in 'CharacterHiding_C'.
Make sure 'CharacterHiding_C' has been compiled for  K2Node_VariableGet_135
[2017.03.27-15.07.28:196][  0]LogBlueprint:Warning: [Compiler CharacterHiding] Warning [0005.06] Compile of CharacterHiding successful, but with 1 Warning(s) [in 0 ms] (/Game/ThirdPersonBP/Blueprints/CharacterHiding.CharacterHiding)
[2017.03.27-15.07.28:196][  0]LogBlueprint:Warning: [Compiler CharacterHiding] Warning [0005.06] Compile of CharacterHiding successful, but with 2 Warning(s) [in 0 ms] (/Game/ThirdPersonBP/Blueprints/CharacterHiding.CharacterHiding)
[2017.03.27-15.07.28:196][  0]LogBlueprint:Warning: [Compiler CharacterHiding] Warning [0005.06] Compile of CharacterHiding successful, but with 3 Warning(s) [in 0 ms] (/Game/ThirdPersonBP/Blueprints/CharacterHiding.CharacterHiding)
[2017.03.27-15.07.28:896][  0]LogAIModule: Creating AISystem for world ThirdPersonExampleMap
[2017.03.27-15.07.28:901][  0]LogMaterial:Warning: Material /Game/StarterContent/Materials/M_Wood_Floor_Walnut_Polished.M_Wood_Floor_Walnut_Polished needed to have new flag set bUsedWithSkeletalMesh !
[2017.03.27-15.07.28:903][  0]LogMaterial: Missing cached shader map for material M_Wood_Floor_Walnut_Polished, compiling. 
[2017.03.27-15.07.28:960][  0]MapCheck:Warning: Warning M_Wood_Floor_Walnut_Polished Material /Game/StarterContent/Materials/M_Wood_Floor_Walnut_Polished.M_Wood_Floor_Walnut_Polished was missing the usage flag bUsedWithSkeletalMesh. If the material asset is not re-saved, it may not render correctly when run outside the editor. Fix
[2017.03.27-15.07.28:960][  0]LogMaterial: 0.00 seconds spent updating 1 materials, 1 interfaces, 0 instances, 0 with static permutations.
[2017.03.27-15.07.29:040][  0]LogEditorServer: Finished looking for orphan Actors (0.000 secs)
[2017.03.27-15.07.29:041][  0]Cmd: MAP CHECKDEP NOCLEARLOG
[2017.03.27-15.07.29:077][  0]MapCheck: Info Map check complete: 0 Error(s), 1 Warning(s), took 35.337ms to complete.
[2017.03.27-15.07.29:082][  0]LogFileHelpers: Loading map 'ThirdPersonExampleMap' took 1.342
[2017.03.27-15.07.29:180][  0]LogCollectionManager: Loaded 0 collections in 0.004243 seconds
[2017.03.27-15.07.29:223][  0]LogFileCache: Scanning file cache for directory 'F:/SOSDev/SoS-Game/Saved/Collections/' took 0.01s
[2017.03.27-15.07.29:223][  0]LogFileCache: Scanning file cache for directory 'F:/SOSDev/SoS-Game/Content/Developers/14064340/Collections/' took 0.01s
[2017.03.27-15.07.29:223][  0]LogFileCache: Scanning file cache for directory 'F:/SOSDev/SoS-Game/Content/Collections/' took 0.01s
[2017.03.27-15.07.29:223][  0]LogCollectionManager: Rebuilt the GUID cache for 0 collections in 0.000003 seconds
[2017.03.27-15.07.29:235][  0]LogContentBrowser: Native class hierarchy populated in 0.0122 seconds. Added 2156 classes and 421 folders.
[2017.03.27-15.07.29:239][  0]LogStats: UGameplayTagsManager::ConstructGameplayTagTree: Construct from data asset -  0.000 s
[2017.03.27-15.07.29:239][  0]LogStats: UGameplayTagsManager::ConstructGameplayTagTree: GameplayTagTreeChangedEvent.Broadcast -  0.000 s
[2017.03.27-15.07.29:240][  0]LogContentBrowser: Native class hierarchy updated for 'GameplayTags' in 0.0007 seconds. Added 12 classes and 0 folders.
[2017.03.27-15.07.29:244][  0]LogContentBrowser: Native class hierarchy updated for 'WidgetCarousel' in 0.0006 seconds. Added 0 classes and 0 folders.
[2017.03.27-15.07.29:287][  0]LogContentBrowser: Native class hierarchy updated for 'AddContentDialog' in 0.0007 seconds. Added 0 classes and 0 folders.
[2017.03.27-15.07.29:295][  0]LogContentBrowser: Native class hierarchy updated for 'SceneOutliner' in 0.0007 seconds. Added 1 classes and 2 folders.
[2017.03.27-15.07.29:317][  0]LogCrashTracker: Crashtracker disabled due to settings.
[2017.03.27-15.07.29:376][  0]LogContentBrowser: Native class hierarchy updated for 'HierarchicalLODOutliner' in 0.0007 seconds. Added 1 classes and 2 folders.
[2017.03.27-15.07.29:376][  0]LogLoad: (Engine Initialization) Total time: 6.24 seconds
[2017.03.27-15.07.29:376][  0]LogLoad: (Engine Initialization) Total Blueprint compile time: 0.14 seconds
[2017.03.27-15.07.29:376][  0]LogExternalProfiler: Found external profiler: VSPerf
[2017.03.27-15.07.29:376][  0]LogExternalProfiler: Using external profiler: VSPerf
[2017.03.27-15.07.29:386][  0]LogOcInput: OculusInput pre-init called
[2017.03.27-15.07.29:402][  0]LogDirectoryWatcher: A directory notification failed for 'F:/SOSDev/SoS-Game/Content/' because it was empty or there was a buffer overflow. Attemping another request...
[2017.03.27-15.07.29:404][  0]LogDirectoryWatcher: A directory notification failed for 'F:/SOSDev/SoS-Game/Content/', and we were unable to create a new request.
[2017.03.27-15.07.29:404][  0]LogDirectoryWatcher: A directory notification failed for 'F:/SOSDev/SoS-Game/Saved/Collections/' because it was empty or there was a buffer overflow. Attemping another request...
[2017.03.27-15.07.29:404][  0]LogDirectoryWatcher: A directory notification failed for 'F:/SOSDev/SoS-Game/Content/Developers/14064340/Collections/' because it was empty or there was a buffer overflow. Attemping another request...
[2017.03.27-15.07.29:404][  0]LogDirectoryWatcher: A directory notification failed for 'F:/SOSDev/SoS-Game/Content/Collections/' because it was empty or there was a buffer overflow. Attemping another request...
[2017.03.27-15.07.29:405][  0]LogContentStreaming: Texture pool size now 1000 MB
[2017.03.27-15.07.29:588][  0]LogRenderer: Reallocating scene render targets to support 1208x576 (Frame:2).
[2017.03.27-15.07.29:778][  1]LogDirectoryWatcher: A directory notification failed for 'F:/SOSDev/SoS-Game/Content/Developers/14064340/Collections/' because it was empty or there was a buffer overflow. Attemping another request...
[2017.03.27-15.07.29:778][  1]LogDirectoryWatcher: A directory notification failed for 'F:/SOSDev/SoS-Game/Content/Developers/14064340/Collections/', and we were unable to create a new request.
[2017.03.27-15.07.29:778][  1]LogDirectoryWatcher: A directory notification failed for 'F:/SOSDev/SoS-Game/Content/Collections/' because it was empty or there was a buffer overflow. Attemping another request...
[2017.03.27-15.07.29:778][  1]LogDirectoryWatcher: A directory notification failed for 'F:/SOSDev/SoS-Game/Content/Collections/', and we were unable to create a new request.
[2017.03.27-15.07.29:779][  1]LogDirectoryWatcher: A directory notification failed for 'F:/SOSDev/SoS-Game/Saved/Collections/' because it was empty or there was a buffer overflow. Attemping another request...
[2017.03.27-15.07.29:779][  1]LogDirectoryWatcher: A directory notification failed for 'F:/SOSDev/SoS-Game/Saved/Collections/', and we were unable to create a new request.
[2017.03.27-15.07.35:213][571]LogAssetRegistry: Asset discovery search completed in 9.2724 seconds
[2017.03.27-15.07.35:213][571]LogCollectionManager: Rebuilt the object cache for 0 collections in 0.000001 seconds (found 0 objects)
[2017.03.27-15.07.35:213][571]LogCollectionManager: Fixed up redirectors for 0 collections in 0.000030 seconds (updated 0 objects)
[2017.03.27-15.07.38:824][977]Cmd: QUIT_EDITOR
[2017.03.27-15.07.38:867][977]LogExit: Preparing to exit.
[2017.03.27-15.07.39:929][977]LogExit: Editor shut down
[2017.03.27-15.07.39:929][977]LogExit: Transaction tracking system shut down
[2017.03.27-15.07.40:022][977]LogObj: Freed 0b from 0 cluster array pools.
[2017.03.27-15.07.40:022][977]LogExit: Object subsystem successfully closed.
[2017.03.27-15.07.40:035][977]LogD3D11RHI: Shutdown
[2017.03.27-15.07.40:035][977]LogD3D11RHI: CleanupD3DDevice
[2017.03.27-15.07.40:078][977]LogD3D11RHI: ~FD3D11DynamicRHI
[2017.03.27-15.07.40:085][977]LogModuleManager: Shutting down and abandoning module HierarchicalLODOutliner (235)
[2017.03.27-15.07.40:085][977]LogModuleManager: Shutting down and abandoning module CrashTracker (234)
[2017.03.27-15.07.40:085][977]LogModuleManager: Shutting down and abandoning module SceneOutliner (233)
[2017.03.27-15.07.40:085][977]LogModuleManager: Shutting down and abandoning module WidgetCarousel (232)
[2017.03.27-15.07.40:085][977]LogModuleManager: Shutting down and abandoning module AddContentDialog (231)
[2017.03.27-15.07.40:085][977]LogDirectoryWatcher: A directory notification for 'C:/Program Files (x86)/Epic Games/4.13/FeaturePacks/' was aborted.
[2017.03.27-15.07.40:087][977]LogModuleManager: Shutting down and abandoning module GameplayTags (230)
[2017.03.27-15.07.40:087][977]LogModuleManager: Shutting down and abandoning module EditorWidgets (229)
[2017.03.27-15.07.40:087][977]LogModuleManager: Shutting down and abandoning module CollectionManager (228)
[2017.03.27-15.07.40:087][977]LogModuleManager: Shutting down and abandoning module StatsViewer (227)
[2017.03.27-15.07.40:087][977]LogModuleManager: Shutting down and abandoning module FoliageEdit (226)
[2017.03.27-15.07.40:087][977]LogModuleManager: Shutting down and abandoning module LandscapeEditor (225)
[2017.03.27-15.07.40:087][977]LogModuleManager: Shutting down and abandoning module SceneDepthPickerMode (224)
[2017.03.27-15.07.40:087][977]LogModuleManager: Shutting down and abandoning module ActorPickerMode (223)
[2017.03.27-15.07.40:087][977]LogModuleManager: Shutting down and abandoning module GeometryMode (222)
[2017.03.27-15.07.40:087][977]LogModuleManager: Shutting down and abandoning module TextureAlignMode (221)
[2017.03.27-15.07.40:087][977]LogModuleManager: Shutting down and abandoning module BspMode (220)
[2017.03.27-15.07.40:087][977]LogModuleManager: Shutting down and abandoning module HardwareSurvey (219)
[2017.03.27-15.07.40:087][977]LogModuleManager: Shutting down and abandoning module SequenceRecorderSections (218)
[2017.03.27-15.07.40:087][977]LogModuleManager: Shutting down and abandoning module SequenceRecorder (217)
[2017.03.27-15.07.40:087][977]LogModuleManager: Shutting down and abandoning module AutomationWorker (216)
[2017.03.27-15.07.40:087][977]LogModuleManager: Shutting down and abandoning module MatineeToLevelSequence (215)
[2017.03.27-15.07.40:087][977]LogModuleManager: Shutting down and abandoning module PlacementMode (214)
[2017.03.27-15.07.40:087][977]LogModuleManager: Shutting down and abandoning module LevelSequenceEditor (213)
[2017.03.27-15.07.40:087][977]LogModuleManager: Shutting down and abandoning module WmfMediaFactory (212)
[2017.03.27-15.07.40:087][977]LogModuleManager: Shutting down and abandoning module WmfMediaEditor (211)
[2017.03.27-15.07.40:087][977]LogModuleManager: Shutting down and abandoning module AvfMediaFactory (210)
[2017.03.27-15.07.40:087][977]LogModuleManager: Shutting down and abandoning module AvfMediaEditor (209)
[2017.03.27-15.07.40:087][977]LogModuleManager: Shutting down and abandoning module Media (208)
[2017.03.27-15.07.40:087][977]LogModuleManager: Shutting down and abandoning module AndroidMediaFactory (207)
[2017.03.27-15.07.40:087][977]LogModuleManager: Shutting down and abandoning module AndroidMediaEditor (206)
[2017.03.27-15.07.40:087][977]LogModuleManager: Shutting down and abandoning module CharacterAI (205)
[2017.03.27-15.07.40:087][977]LogModuleManager: Shutting down and abandoning module SmartSnapping (204)
[2017.03.27-15.07.40:087][977]LogModuleManager: Shutting down and abandoning module SessionServices (203)
[2017.03.27-15.07.40:087][977]LogModuleManager: Shutting down and abandoning module ViewportSnapping (202)
[2017.03.27-15.07.40:087][977]LogModuleManager: Shutting down and abandoning module ViewportInteraction (201)
[2017.03.27-15.07.40:087][977]LogModuleManager: Shutting down and abandoning module LogVisualizer (200)
[2017.03.27-15.07.40:087][977]LogModuleManager: Shutting down and abandoning module GameProjectGeneration (199)
[2017.03.27-15.07.40:087][977]LogModuleManager: Shutting down and abandoning module IntroTutorials (198)
[2017.03.27-15.07.40:087][977]LogModuleManager: Shutting down and abandoning module EditorLiveStreaming (197)
[2017.03.27-15.07.40:087][977]LogModuleManager: Shutting down and abandoning module IOSPlatformEditor (196)
[2017.03.27-15.07.40:087][977]LogModuleManager: Shutting down and abandoning module HTML5PlatformEditor (195)
[2017.03.27-15.07.40:087][977]LogModuleManager: Shutting down and abandoning module AndroidDeviceDetection (194)
[2017.03.27-15.07.40:569][977]LogModuleManager: Shutting down and abandoning module AndroidPlatformEditor (193)
[2017.03.27-15.07.40:569][977]LogModuleManager: Shutting down and abandoning module IOSRuntimeSettings (192)
[2017.03.27-15.07.40:569][977]LogModuleManager: Shutting down and abandoning module AndroidRuntimeSettings (191)
[2017.03.27-15.07.40:569][977]LogModuleManager: Shutting down and abandoning module NiagaraEditor (190)
[2017.03.27-15.07.40:569][977]LogModuleManager: Shutting down and abandoning module MergeActors (189)
[2017.03.27-15.07.40:569][977]LogModuleManager: Shutting down and abandoning module SizeMap (188)
[2017.03.27-15.07.40:569][977]LogModuleManager: Shutting down and abandoning module TreeMap (187)
[2017.03.27-15.07.40:569][977]LogModuleManager: Shutting down and abandoning module ReferenceViewer (186)
[2017.03.27-15.07.40:569][977]LogModuleManager: Shutting down and abandoning module LocalizationService (185)
[2017.03.27-15.07.40:569][977]LogModuleManager: Shutting down and abandoning module LocalizationDashboard (184)
[2017.03.27-15.07.40:569][977]LogModuleManager: Shutting down and abandoning module HardwareTargeting (183)
[2017.03.27-15.07.40:569][977]LogModuleManager: Shutting down and abandoning module DeviceProfileEditor (182)
[2017.03.27-15.07.40:569][977]LogModuleManager: Shutting down and abandoning module UndoHistory (181)
[2017.03.27-15.07.40:569][977]LogModuleManager: Shutting down and abandoning module UserFeedback (180)
[2017.03.27-15.07.40:569][977]LogModuleManager: Shutting down and abandoning module XmlParser (179)
[2017.03.27-15.07.40:569][977]LogModuleManager: Shutting down and abandoning module Blutility (178)
[2017.03.27-15.07.40:569][977]LogModuleManager: Shutting down and abandoning module ProjectTargetPlatformEditor (177)
[2017.03.27-15.07.40:569][977]LogModuleManager: Shutting down and abandoning module ProjectSettingsViewer (176)
[2017.03.27-15.07.40:569][977]LogModuleManager: Shutting down and abandoning module InputBindingEditor (175)
[2017.03.27-15.07.40:569][977]LogModuleManager: Shutting down and abandoning module EditorSettingsViewer (174)
[2017.03.27-15.07.40:569][977]LogModuleManager: Shutting down and abandoning module SettingsEditor (173)
[2017.03.27-15.07.40:569][977]LogModuleManager: Shutting down and abandoning module ProjectLauncher (172)
[2017.03.27-15.07.40:569][977]LogModuleManager: Shutting down and abandoning module SessionFrontend (171)
[2017.03.27-15.07.40:570][977]LogModuleManager: Shutting down and abandoning module ProfilerClient (170)
[2017.03.27-15.07.40:570][977]LogModuleManager: Shutting down and abandoning module TargetDeviceServices (169)
[2017.03.27-15.07.40:570][977]LogModuleManager: Shutting down and abandoning module DeviceManager (168)
[2017.03.27-15.07.40:620][977]LogModuleManager: Shutting down and abandoning module AutomationController (167)
[2017.03.27-15.07.40:620][977]LogModuleManager: Shutting down and abandoning module AutomationWindow (166)
[2017.03.27-15.07.40:620][977]LogModuleManager: Shutting down and abandoning module Layers (165)
[2017.03.27-15.07.40:620][977]LogModuleManager: Shutting down and abandoning module ComponentVisualizers (164)
[2017.03.27-15.07.40:620][977]LogModuleManager: Shutting down and abandoning module DetailCustomizations (163)
[2017.03.27-15.07.40:620][977]LogModuleManager: Shutting down and abandoning module PackagesDialog (162)
[2017.03.27-15.07.40:620][977]LogModuleManager: Shutting down and abandoning module AnimGraph (161)
[2017.03.27-15.07.40:620][977]LogModuleManager: Shutting down and abandoning module Persona (160)
[2017.03.27-15.07.40:620][977]LogModuleManager: Shutting down and abandoning module Kismet (159)
[2017.03.27-15.07.40:620][977]LogModuleManager: Shutting down and abandoning module GraphEditor (158)
[2017.03.27-15.07.40:620][977]LogModuleManager: Shutting down and abandoning module ClassViewer (157)
[2017.03.27-15.07.40:620][977]LogModuleManager: Shutting down and abandoning module Toolbox (156)
[2017.03.27-15.07.40:620][977]LogModuleManager: Shutting down and abandoning module ModuleUI (155)
[2017.03.27-15.07.40:620][977]LogModuleManager: Shutting down and abandoning module MovieSceneTools (154)
[2017.03.27-15.07.40:620][977]LogModuleManager: Shutting down and abandoning module OutputLog (153)
[2017.03.27-15.07.40:620][977]LogModuleManager: Shutting down and abandoning module GammaUI (152)
[2017.03.27-15.07.40:620][977]LogModuleManager: Shutting down and abandoning module Documentation (151)
[2017.03.27-15.07.40:620][977]LogModuleManager: Shutting down and abandoning module Niagara (150)
[2017.03.27-15.07.40:620][977]LogModuleManager: Shutting down and abandoning module StreamingPauseRendering (149)
[2017.03.27-15.07.40:620][977]LogModuleManager: Shutting down and abandoning module AnalyticsET (148)
[2017.03.27-15.07.40:620][977]LogModuleManager: Shutting down and abandoning module PortalServices (147)
[2017.03.27-15.07.40:620][977]LogModuleManager: Shutting down and abandoning module PortalRpc (146)
[2017.03.27-15.07.40:620][977]LogModuleManager: Shutting down and abandoning module MessagingRpc (145)
[2017.03.27-15.07.40:620][977]LogModuleManager: Shutting down and abandoning module GameplayDebugger (144)
[2017.03.27-15.07.40:620][977]LogModuleManager: Shutting down and abandoning module AITestSuite (143)
[2017.03.27-15.07.40:620][977]LogModuleManager: Shutting down and abandoning module AIModule (142)
[2017.03.27-15.07.40:620][977]LogModuleManager: Shutting down and abandoning module ProfilerService (141)
[2017.03.27-15.07.40:755][977]LogModuleManager: Shutting down and abandoning module TaskGraph (140)
[2017.03.27-15.07.40:755][977]LogModuleManager: Shutting down and abandoning module SubstanceEditor (139)
[2017.03.27-15.07.40:755][977]LogModuleManager: Shutting down and abandoning module SlateRemote (138)
[2017.03.27-15.07.40:755][977]LogModuleManager: Shutting down and abandoning module SteamVRController (137)
[2017.03.27-15.07.40:755][977]LogModuleManager: Shutting down and abandoning module SteamVR (136)
[2017.03.27-15.07.40:755][977]LogModuleManager: Shutting down and abandoning module ProceduralMeshComponentEditor (135)
[2017.03.27-15.07.40:755][977]LogModuleManager: Shutting down and abandoning module ProceduralMeshComponent (134)
[2017.03.27-15.07.40:755][977]LogModuleManager: Shutting down and abandoning module OculusLibrary (133)
[2017.03.27-15.07.40:755][977]LogModuleManager: Shutting down and abandoning module OculusInput (132)
[2017.03.27-15.07.40:755][977]LogModuleManager: Shutting down and abandoning module CustomMeshComponent (131)
[2017.03.27-15.07.40:755][977]LogModuleManager: Shutting down and abandoning module CableComponent (130)
[2017.03.27-15.07.40:755][977]LogModuleManager: Shutting down and abandoning module ArchVisCharacter (129)
[2017.03.27-15.07.40:755][977]LogModuleManager: Shutting down and abandoning module MediaPlayerEditor (127)
[2017.03.27-15.07.40:755][977]LogModuleManager: Shutting down and abandoning module HTML5Networking (126)
[2017.03.27-15.07.40:755][977]LogModuleManager: Shutting down and abandoning module GeometryCacheEd (125)
[2017.03.27-15.07.40:755][977]LogModuleManager: Shutting down and abandoning module GeometryCache (124)
[2017.03.27-15.07.40:755][977]LogModuleManager: Shutting down and abandoning module AlembicLibrary (123)
[2017.03.27-15.07.40:755][977]LogModuleManager: Shutting down and abandoning module AlembicImporter (122)
[2017.03.27-15.07.40:755][977]LogModuleManager: Shutting down and abandoning module SuperSearch (121)
[2017.03.27-15.07.40:755][977]LogModuleManager: Shutting down and abandoning module SuperSearchEditor (120)
[2017.03.27-15.07.40:755][977]LogModuleManager: Shutting down and abandoning module SpeedTreeImporter (119)
[2017.03.27-15.07.40:755][977]LogModuleManager: Shutting down and abandoning module PluginBrowser (118)
[2017.03.27-15.07.40:755][977]LogModuleManager: Shutting down and abandoning module MobileLauncherProfileWizard (117)
[2017.03.27-15.07.40:755][977]LogModuleManager: Shutting down and abandoning module EpicSurvey (116)
[2017.03.27-15.07.40:755][977]LogModuleManager: Shutting down and abandoning module DesktopPlatform (115)
[2017.03.27-15.07.40:755][977]LogModuleManager: Shutting down and abandoning module VisualStudioSourceCodeAccess (114)
[2017.03.27-15.07.40:756][977]LogModuleManager: Shutting down and abandoning module UObjectPlugin (113)
[2017.03.27-15.07.40:756][977]LogModuleManager: Shutting down and abandoning module SubversionSourceControl (112)
[2017.03.27-15.07.40:756][977]LogModuleManager: Shutting down and abandoning module PerforceSourceControl (111)
[2017.03.27-15.07.40:756][977]LogModuleManager: Shutting down and abandoning module SourceControl (110)
[2017.03.27-15.07.40:756][977]LogModuleManager: Shutting down and abandoning module GitSourceControl (109)
[2017.03.27-15.07.40:756][977]LogModuleManager: Shutting down and abandoning module LightPropagationVolumeEditor (108)
[2017.03.27-15.07.40:756][977]LogModuleManager: Shutting down and abandoning module PaperTiledImporter (107)
[2017.03.27-15.07.40:756][977]LogModuleManager: Shutting down and abandoning module PaperSpriteSheetImporter (106)
[2017.03.27-15.07.40:756][977]LogModuleManager: Shutting down and abandoning module MeshPaint (105)
[2017.03.27-15.07.40:756][977]LogModuleManager: Shutting down and abandoning module FbxAutomationBuilderModule (104)
[2017.03.27-15.07.40:756][977]LogModuleManager: Shutting down and abandoning module PixelInspectorModule (103)
[2017.03.27-15.07.40:756][977]LogModuleManager: Shutting down and abandoning module HotReload (102)
[2017.03.27-15.07.40:756][977]LogModuleManager: Shutting down and abandoning module MainFrame (101)
[2017.03.27-15.07.40:756][977]LogModuleManager: Shutting down and abandoning module LevelEditor (100)
[2017.03.27-15.07.40:756][977]LogModuleManager: Shutting down and abandoning module ContentBrowser (99)
[2017.03.27-15.07.40:757][977]LogModuleManager: Shutting down and abandoning module Paper2DEditor (98)
[2017.03.27-15.07.40:757][977]LogModuleManager: Shutting down and abandoning module UdpMessaging (97)
[2017.03.27-15.07.40:857][977]LogModuleManager: Shutting down and abandoning module TcpMessaging (96)
[2017.03.27-15.07.40:957][977]LogModuleManager: Shutting down and abandoning module SubstanceCore (95)
[2017.03.27-15.07.40:957][977]LogModuleManager: Shutting down and abandoning module LightPropagationVolumeRuntime (94)
[2017.03.27-15.07.40:957][977]LogModuleManager: Shutting down and abandoning module Paper2D (93)
[2017.03.27-15.07.40:957][977]LogModuleManager: Shutting down and abandoning module WindowsMoviePlayer (92)
[2017.03.27-15.07.40:957][977]LogModuleManager: Shutting down and abandoning module WmfMedia (91)
[2017.03.27-15.07.40:957][977]LogModuleManager: Shutting down and abandoning module MediaAssets (90)
[2017.03.27-15.07.40:957][977]LogModuleManager: Shutting down and abandoning module GameLiveStreaming (89)
[2017.03.27-15.07.40:957][977]LogModuleManager: Shutting down and abandoning module GameplayTagsEditor (88)
[2017.03.27-15.07.40:957][977]LogModuleManager: Shutting down and abandoning module VREditor (87)
[2017.03.27-15.07.40:957][977]LogModuleManager: Shutting down and abandoning module GameplayTasksEditor (86)
[2017.03.27-15.07.40:957][977]LogModuleManager: Shutting down and abandoning module PropertyEditor (85)
[2017.03.27-15.07.40:957][977]LogModuleManager: Shutting down and abandoning module BehaviorTreeEditor (84)
[2017.03.27-15.07.40:957][977]LogModuleManager: Shutting down and abandoning module FunctionalTesting (83)
[2017.03.27-15.07.40:957][977]LogModuleManager: Shutting down and abandoning module CollisionAnalyzer (82)
[2017.03.27-15.07.40:957][977]LogModuleManager: Shutting down and abandoning module Sequencer (81)
[2017.03.27-15.07.40:957][977]LogModuleManager: Shutting down and abandoning module WorkspaceMenuStructure (80)
[2017.03.27-15.07.40:957][977]LogModuleManager: Shutting down and abandoning module MessageLog (79)
[2017.03.27-15.07.40:957][977]LogModuleManager: Shutting down and abandoning module AssetTools (78)
[2017.03.27-15.07.40:957][977]LogModuleManager: Shutting down and abandoning module UMGEditor (77)
[2017.03.27-15.07.40:957][977]LogModuleManager: Shutting down and abandoning module UMG (76)
[2017.03.27-15.07.40:957][977]LogModuleManager: Shutting down and abandoning module SlateReflector (75)
[2017.03.27-15.07.40:957][977]LogModuleManager: Shutting down and abandoning module Slate (74)
[2017.03.27-15.07.40:957][977]LogModuleManager: Shutting down and abandoning module EditorStyle (73)
[2017.03.27-15.07.40:959][977]LogModuleManager: Shutting down and abandoning module SourceCodeAccess (72)
[2017.03.27-15.07.40:959][977]LogModuleManager: Shutting down and abandoning module HeadMountedDisplay (71)
[2017.03.27-15.07.40:959][977]LogModuleManager: Shutting down and abandoning module XAudio2 (70)
[2017.03.27-15.07.40:959][977]LogModuleManager: Shutting down and abandoning module Networking (68)
[2017.03.27-15.07.40:959][977]LogModuleManager: Shutting down and abandoning module Core (67)
[2017.03.27-15.07.40:959][977]LogModuleManager: Shutting down and abandoning module DirectoryWatcher (66)
[2017.03.27-15.07.40:959][977]LogDirectoryWatcher: A directory notification for '../../../Engine/Content/' was aborted.
[2017.03.27-15.07.40:959][977]LogDirectoryWatcher: A directory notification for '../../../Engine/Plugins/2D/Paper2D/Content/' was aborted.
[2017.03.27-15.07.40:959][977]LogModuleManager: Shutting down and abandoning module AssetRegistry (65)
[2017.03.27-15.07.42:833][977]LogModuleManager: Shutting down and abandoning module KismetCompiler (64)
[2017.03.27-15.07.42:833][977]LogModuleManager: Shutting down and abandoning module PhysXFormats (63)
[2017.03.27-15.07.42:833][977]LogModuleManager: Shutting down and abandoning module MeshUtilities (62)
[2017.03.27-15.07.42:833][977]LogModuleManager: Shutting down and abandoning module DerivedDataCache (61)
[2017.03.27-15.07.42:915][977]LogDerivedDataCache: Shutdown
[2017.03.27-15.07.42:915][977]LogModuleManager: Shutting down and abandoning module VulkanShaderFormat (60)
[2017.03.27-15.07.42:915][977]LogModuleManager: Shutting down and abandoning module ShaderFormatOpenGL (59)
[2017.03.27-15.07.42:915][977]LogModuleManager: Shutting down and abandoning module ShaderFormatD3D (58)
[2017.03.27-15.07.42:915][977]LogModuleManager: Shutting down and abandoning module MetalShaderFormat (57)
[2017.03.27-15.07.42:915][977]LogModuleManager: Shutting down and abandoning module TextureFormatUncompressed (56)
[2017.03.27-15.07.42:915][977]LogModuleManager: Shutting down and abandoning module TextureFormatPVR (55)
[2017.03.27-15.07.42:915][977]LogModuleManager: Shutting down and abandoning module TextureFormatDXT (54)
[2017.03.27-15.07.42:915][977]LogModuleManager: Shutting down and abandoning module TextureFormatIntelISPCTexComp (53)
[2017.03.27-15.07.42:915][977]LogModuleManager: Shutting down and abandoning module ImageWrapper (52)
[2017.03.27-15.07.42:915][977]LogModuleManager: Shutting down and abandoning module TextureFormatASTC (51)
[2017.03.27-15.07.42:915][977]LogModuleManager: Shutting down and abandoning module TextureFormatAndroid (50)
[2017.03.27-15.07.42:915][977]LogModuleManager: Shutting down and abandoning module AudioFormatOpus (49)
[2017.03.27-15.07.42:915][977]LogModuleManager: Shutting down and abandoning module AudioFormatOgg (48)
[2017.03.27-15.07.42:915][977]LogModuleManager: Shutting down and abandoning module AudioFormatADPCM (47)
[2017.03.27-15.07.42:915][977]LogModuleManager: Shutting down and abandoning module LinuxTargetPlatform (46)
[2017.03.27-15.07.42:915][977]LogModuleManager: Shutting down and abandoning module LinuxServerTargetPlatform (45)
[2017.03.27-15.07.42:915][977]LogModuleManager: Shutting down and abandoning module LinuxNoEditorTargetPlatform (44)
[2017.03.27-15.07.42:915][977]LogModuleManager: Shutting down and abandoning module LinuxClientTargetPlatform (43)
[2017.03.27-15.07.42:915][977]LogModuleManager: Shutting down and abandoning module TVOSTargetPlatform (42)
[2017.03.27-15.07.42:915][977]LogModuleManager: Shutting down and abandoning module Messaging (41)
[2017.03.27-15.07.42:915][977]LogModuleManager: Shutting down and abandoning module IOSTargetPlatform (40)
[2017.03.27-15.07.42:915][977]LogModuleManager: Shutting down and abandoning module HTML5TargetPlatform (39)
[2017.03.27-15.07.42:915][977]LogModuleManager: Shutting down and abandoning module Android_PVRTCTargetPlatform (38)
[2017.03.27-15.07.42:915][977]LogModuleManager: Shutting down and abandoning module Android_MultiTargetPlatform (37)
[2017.03.27-15.07.42:915][977]LogModuleManager: Shutting down and abandoning module Android_ETC2TargetPlatform (36)
[2017.03.27-15.07.42:915][977]LogModuleManager: Shutting down and abandoning module Android_ETC1TargetPlatform (35)
[2017.03.27-15.07.42:915][977]LogModuleManager: Shutting down and abandoning module Android_DXTTargetPlatform (34)
[2017.03.27-15.07.42:915][977]LogModuleManager: Shutting down and abandoning module Android_ATCTargetPlatform (33)
[2017.03.27-15.07.42:915][977]LogModuleManager: Shutting down and abandoning module Android_ASTCTargetPlatform (32)
[2017.03.27-15.07.42:915][977]LogModuleManager: Shutting down and abandoning module AndroidTargetPlatform (31)
[2017.03.27-15.07.42:915][977]LogModuleManager: Shutting down and abandoning module WindowsTargetPlatform (30)
[2017.03.27-15.07.42:915][977]LogModuleManager: Shutting down and abandoning module WindowsServerTargetPlatform (29)
[2017.03.27-15.07.42:915][977]LogModuleManager: Shutting down and abandoning module WindowsNoEditorTargetPlatform (28)
[2017.03.27-15.07.42:915][977]LogModuleManager: Shutting down and abandoning module WindowsClientTargetPlatform (27)
[2017.03.27-15.07.42:915][977]LogModuleManager: Shutting down and abandoning module AllDesktopTargetPlatform (26)
[2017.03.27-15.07.42:915][977]LogModuleManager: Shutting down and abandoning module TargetPlatform (25)
[2017.03.27-15.07.42:915][977]LogModuleManager: Shutting down and abandoning module InputCore (24)
[2017.03.27-15.07.42:915][977]LogModuleManager: Shutting down and abandoning module Settings (23)
[2017.03.27-15.07.42:915][977]LogModuleManager: Shutting down and abandoning module OculusRift (22)
[2017.03.27-15.07.42:915][977]LogModuleManager: Shutting down and abandoning module GearVR (21)
[2017.03.27-15.07.42:916][977]LogModuleManager: Shutting down and abandoning module ExampleDeviceProfileSelector (20)
[2017.03.27-15.07.42:916][977]LogModuleManager: Shutting down and abandoning module OnlineBlueprintSupport (19)
[2017.03.27-15.07.42:916][977]LogModuleManager: Shutting down and abandoning module OnlineSubsystem (17)
[2017.03.27-15.07.42:916][977]LogOnline:Display: Unloading online subsystem: NULL
[2017.03.27-15.07.42:916][977]LogModuleManager: Shutting down and abandoning module HTTP (16)
[2017.03.27-15.07.42:916][977]LogHttp:Display: Http module shutting down, but needs to wait on 1 outstanding Http requests:
[2017.03.27-15.07.42:916][977]LogHttp:Display: 	verb=[POST] url=[https://datarouter.ol.epicgames.com/datarouter/api/v1/public/data?SessionID=%7BF783CB2F-476A-174D-76F5-7C975A9BF123%7D&AppID=UEEditor.Rocket.Release&AppVersion=4.13.2-3172292%2B%2B%2BUE4%2BRelease-4.13&UserID=0a4bf89a4752675684cdef8e7f404ee7%7C89d4ff45c44a46caa315250766eda77f%7Cf2eaebd3-5d71-4529-9362-09330573cf79&AppEnvironment=datacollector-binary&UploadType=eteventstream] status=Processing
[2017.03.27-15.07.42:939][977]LogModuleManager: Shutting down and abandoning module XMPP (15)
[2017.03.27-15.07.42:939][977]LogModuleManager: Shutting down and abandoning module TextureCompressor (14)
[2017.03.27-15.07.42:939][977]LogModuleManager: Shutting down and abandoning module ShaderCore (13)
[2017.03.27-15.07.42:939][977]LogModuleManager: Shutting down and abandoning module Landscape (12)
[2017.03.27-15.07.42:939][977]LogModuleManager: Shutting down and abandoning module SlateRHIRenderer (11)
[2017.03.27-15.07.42:940][977]LogModuleManager: Shutting down and abandoning module OpenGLDrv (10)
[2017.03.27-15.07.42:940][977]LogModuleManager: Shutting down and abandoning module D3D11RHI (9)
[2017.03.27-15.07.42:940][977]LogModuleManager: Shutting down and abandoning module AnimGraphRuntime (8)
[2017.03.27-15.07.42:940][977]LogModuleManager: Shutting down and abandoning module Renderer (7)
[2017.03.27-15.07.42:940][977]LogModuleManager: Shutting down and abandoning module Engine (6)
[2017.03.27-15.07.42:940][977]LogModuleManager: Shutting down and abandoning module CoreUObject (5)
[2017.03.27-15.07.42:940][977]LogModuleManager: Shutting down and abandoning module NetworkFile (4)
[2017.03.27-15.07.42:940][977]LogModuleManager: Shutting down and abandoning module StreamingFile (3)
[2017.03.27-15.07.42:940][977]LogModuleManager: Shutting down and abandoning module SandboxFile (2)
[2017.03.27-15.07.42:940][977]LogModuleManager: Shutting down and abandoning module PakFile (1)
[2017.03.27-15.07.42:941][977]LogExit: Exiting.
[2017.03.27-15.07.42:942][977]Log file closed, 03/27/17 15:07:42
